[2025-4-29T6:39:47]::POST /api/v4/users/signup ::1 500 28ms
[2025-4-29T6:41:14]::POST /api/v4/users/signup ::1 400 26ms
[2025-4-29T6:41:36]::POST /api/v4/users/signup ::1 500 387ms
[2025-4-29T6:43:39]::POST /api/v4/users/signup ::1 400 21ms
[2025-4-29T6:43:48]::POST /api/v4/users/signup ::1 200 375ms
[2025-4-29T6:47:11]::POST /api/v4/users/signup ::1 200 146ms
[2025-4-29T7:6:30]::POST /api/v4/users/login ::1 404 18ms
[2025-4-29T7:7:20]::POST /api/v4/users/login ::1 500 32ms
[2025-4-29T7:7:50]::POST /api/v4/users/login ::1 200 178ms
[2025-4-29T7:11:3]::POST /api/v4/users/logout ::1 200 15ms
[2025-5-6T7:7:14]::POST /api/v4/users/login ::1 200 457ms
[2025-5-6T7:7:54]::POST /api/v4/users/ ::1 404 8ms
[2025-5-6T7:8:35]::GET /api/v4/users ::1 500 18ms
[2025-5-6T7:11:16]::GET /api/v4/users ::1 403 51ms
[2025-5-6T7:11:57]::GET /api/v4/users ::1 403 28ms
[2025-5-6T7:13:23]::POST /api/v4/users/logout ::1 200 17ms
[2025-5-6T7:14:40]::POST /api/v4/users/signup ::1 500 57ms
[2025-5-6T7:14:52]::POST /api/v4/users/signup ::1 200 362ms
[2025-5-6T7:15:52]::POST /api/v4/users/login ::1 400 8ms
[2025-5-6T7:16:10]::POST /api/v4/users/login ::1 200 317ms
[2025-5-6T7:16:17]::GET /api/v4/users ::1 200 45ms
[2025-5-6T10:49:47]::GET /api/v4/users/profile ::1 200 844ms
[2025-5-6T11:2:5]::PUT /api/v4/users/profile ::1 200 344ms
[2025-5-6T11:2:29]::POST /api/v4/users/logout ::1 200 8ms
[2025-5-6T11:2:55]::POST /api/v4/users/login ::1 200 112ms
[2025-5-6T11:18:53]::PUT /api/v4/users/ ::1 404 49ms
